2025-05-17 14:31:44 - Instagram_INFO - INFO - Создан класс InstagramContent
2025-05-17 14:38:14 - Instagram_INFO - INFO - Создан класс InstagramContent
2025-05-17 14:41:06 - Instagram_INFO - INFO - Создан класс InstagramContent
2025-05-17 14:48:26 - Instagram_INFO - INFO - Создан класс InstagramContent
2025-05-17 14:51:00 - Instagram_INFO - INFO - Создан класс InstagramContent
2025-05-17 14:52:51 - Instagram_INFO - INFO - Создан класс InstagramContent
2025-05-17 14:55:40 - Instagram_INFO - INFO - Создан класс InstagramContent
2025-05-17 14:57:13 - Instagram_INFO - INFO - Создан класс InstagramContent
2025-05-17 15:10:46 - Instagram_INFO - INFO - Создан класс InstagramContent
2025-05-17 15:13:46 - Instagram_INFO - INFO - Создан класс InstagramContent
2025-05-17 15:14:46 - Instagram_INFO - INFO - Создан класс InstagramContent
2025-05-17 15:19:17 - Instagram_INFO - INFO - Создан класс InstagramContent
2025-05-17 15:31:46 - Instagram_INFO - INFO - Создан класс InstagramContent
2025-05-17 15:35:43 - Instagram_INFO - INFO - Создан класс InstagramContent
2025-05-17 15:47:20 - Instagram_INFO - INFO - Создан класс InstagramContent
2025-05-17 15:48:30 - Instagram_INFO - INFO - Создан класс InstagramContent
2025-05-17 15:51:05 - Instagram_INFO - INFO - Создан класс InstagramContent
2025-05-17 15:56:11 - Instagram_INFO - INFO - Создан класс InstagramContent
2025-05-17 15:56:11 - Instagram_INFO - INFO - Создан класс InstagramContent
2025-05-17 15:56:12 - Instagram_INFO - INFO - Создан класс InstagramContent
2025-05-17 15:56:25 - Instagram_INFO - INFO - Запуск функции download_content
2025-05-17 15:56:26 - Instagram_INFO - INFO - инициализация Gologin класс
2025-05-17 15:56:26 - Instagram_INFO - INFO - запуск браузера
2025-05-17 15:56:26 - Instagram_INFO - CRITICAL - При старте браузера произошла ошибка HTTPSConnectionPool(host='geo.myip.link', port=443): Max retries exceeded with url: / (Caused by ProxyError('Unable to connect to proxy', OSError('Tunnel connection failed: 402 Payment Required'))) - HTTPSConnectionPool(host='geo.myip.link', port=443): Max retries exceeded with url: / (Caused by ProxyError('Unable to connect to proxy', OSError('Tunnel connection failed: 402 Payment Required')))
2025-05-17 16:11:10 - Instagram_INFO - INFO - Создан класс InstagramContent
2025-05-17 16:44:41 - Instagram_INFO - INFO - Создан класс InstagramContent
2025-05-17 17:17:10 - Instagram_INFO - INFO - Создан класс InstagramContent
2025-05-17 17:17:26 - Instagram_INFO - INFO - Запуск функции download_content
2025-05-17 17:17:26 - Instagram_INFO - INFO - инициализация Gologin класс
2025-05-17 17:17:26 - Instagram_INFO - INFO - запуск браузера
2025-05-17 17:17:27 - Instagram_INFO - CRITICAL - При старте браузера произошла ошибка HTTPSConnectionPool(host='geo.myip.link', port=443): Max retries exceeded with url: / (Caused by ProxyError('Unable to connect to proxy', OSError('Tunnel connection failed: 402 Payment Required'))) - HTTPSConnectionPool(host='geo.myip.link', port=443): Max retries exceeded with url: / (Caused by ProxyError('Unable to connect to proxy', OSError('Tunnel connection failed: 402 Payment Required')))
2025-05-17 17:33:22 - Instagram_INFO - INFO - Создан класс InstagramContent
2025-05-17 17:45:29 - Instagram_INFO - INFO - Запуск функции download_content
2025-05-17 17:45:30 - Instagram_INFO - INFO - инициализация Gologin класс
2025-05-17 17:45:30 - Instagram_INFO - INFO - запуск браузера
2025-05-17 17:45:33 - Instagram_INFO - INFO - CDP коннект..
2025-05-17 17:45:33 - Instagram_INFO - INFO - Выбрана 1 страница
2025-05-17 17:45:33 - Instagram_INFO - INFO - Переход по url
2025-05-17 17:45:54 - Instagram_INFO - INFO - Переход по адрессу 127.0.0.1:26728/https://www.instagram.com/
2025-05-17 17:46:02 - Instagram_INFO - INFO - Загрузка видео
2025-05-17 17:46:07 - Instagram_INFO - INFO - Процесс загрузки убит
2025-05-17 17:46:46 - Instagram_INFO - ERROR - Ошибка сценария Page.wait_for_selector: Target page, context or browser has been closed
Call log:
  - waiting for locator("img[src*='ywSe_I8p9lm.gif']") to be visible

2025-05-17 17:47:10 - Instagram_INFO - INFO - Запуск функции download_content
2025-05-17 17:47:11 - Instagram_INFO - INFO - инициализация Gologin класс
2025-05-17 17:47:11 - Instagram_INFO - INFO - запуск браузера
2025-05-17 17:47:15 - Instagram_INFO - INFO - CDP коннект..
2025-05-17 17:47:15 - Instagram_INFO - INFO - Выбрана 1 страница
2025-05-17 17:47:15 - Instagram_INFO - INFO - Переход по url
2025-05-17 17:47:22 - Instagram_INFO - INFO - Переход по адрессу 127.0.0.1:2236/https://www.instagram.com/
2025-05-17 17:47:25 - Instagram_INFO - INFO - Загрузка видео
2025-05-17 17:47:30 - Instagram_INFO - INFO - Процесс загрузки убит
2025-05-17 17:54:12 - Instagram_INFO - ERROR - Ошибка сценария Page.wait_for_selector: Timeout 400000ms exceeded.
Call log:
  - waiting for locator("img[src*='ywSe_I8p9lm.gif']") to be visible

2025-05-17 18:00:09 - Instagram_INFO - INFO - Создан класс InstagramContent
2025-05-17 18:00:24 - Instagram_INFO - INFO - Запуск функции download_content
2025-05-17 18:00:24 - Instagram_INFO - INFO - инициализация Gologin класс
2025-05-17 18:00:24 - Instagram_INFO - INFO - запуск браузера
2025-05-17 18:00:40 - Instagram_INFO - INFO - CDP коннект..
2025-05-17 18:00:43 - Instagram_INFO - INFO - Выбрана 1 страница
2025-05-17 18:00:43 - Instagram_INFO - INFO - Переход по url
2025-05-17 18:02:23 - Instagram_INFO - ERROR - Ошибка сценария Page.goto: Timeout 100000ms exceeded.
Call log:
  - navigating to "https://www.instagram.com/", waiting until "load"

2025-05-17 18:02:52 - Instagram_INFO - INFO - Запуск функции download_content
2025-05-17 18:02:52 - Instagram_INFO - INFO - инициализация Gologin класс
2025-05-17 18:02:52 - Instagram_INFO - INFO - запуск браузера
2025-05-17 18:03:05 - Instagram_INFO - INFO - CDP коннект..
2025-05-17 18:03:14 - Instagram_INFO - INFO - Выбрана 1 страница
2025-05-17 18:03:14 - Instagram_INFO - INFO - Переход по url
2025-05-17 18:04:54 - Instagram_INFO - ERROR - Ошибка сценария Page.goto: Timeout 100000ms exceeded.
Call log:
  - navigating to "https://www.instagram.com/", waiting until "load"

2025-05-17 18:06:24 - Instagram_INFO - INFO - Создан класс InstagramContent
2025-05-17 18:06:34 - Instagram_INFO - INFO - Запуск функции download_content
2025-05-17 18:06:34 - Instagram_INFO - INFO - инициализация Gologin класс
2025-05-17 18:06:34 - Instagram_INFO - INFO - запуск браузера
2025-05-17 18:06:51 - Instagram_INFO - INFO - CDP коннект..
2025-05-17 18:06:54 - Instagram_INFO - INFO - Выбрана 1 страница
2025-05-17 18:06:54 - Instagram_INFO - INFO - Переход по url
2025-05-17 18:08:22 - Instagram_INFO - INFO - Переход по адрессу 127.0.0.1:30678/https://www.instagram.com/
2025-05-17 18:08:27 - Instagram_INFO - INFO - Загрузка видео
2025-05-17 18:08:32 - Instagram_INFO - INFO - Процесс загрузки убит
2025-05-17 18:15:14 - Instagram_INFO - ERROR - Ошибка сценария Page.wait_for_selector: Timeout 400000ms exceeded.
Call log:
  - waiting for locator("img[alt='Animated checkmark']") to be visible

2025-05-17 18:15:40 - Instagram_INFO - INFO - Запуск функции download_content
2025-05-17 18:15:40 - Instagram_INFO - INFO - инициализация Gologin класс
2025-05-17 18:15:40 - Instagram_INFO - INFO - запуск браузера
2025-05-17 18:15:49 - Instagram_INFO - INFO - CDP коннект..
2025-05-17 18:15:49 - Instagram_INFO - INFO - Выбрана 1 страница
2025-05-17 18:15:49 - Instagram_INFO - INFO - Переход по url
2025-05-17 18:16:16 - Instagram_INFO - INFO - Переход по адрессу 127.0.0.1:11562/https://www.instagram.com/
2025-05-17 18:16:17 - Instagram_INFO - INFO - Загрузка видео
2025-05-17 18:16:22 - Instagram_INFO - INFO - Процесс загрузки убит
2025-05-17 18:19:17 - Instagram_INFO - ERROR - Ошибка сценария Page.wait_for_selector: Target page, context or browser has been closed
Call log:
  - waiting for locator("img[alt='Animated checkmark']") to be visible

2025-05-17 18:19:23 - Instagram_INFO - INFO - Создан класс InstagramContent
2025-05-17 18:19:30 - Instagram_INFO - INFO - Запуск функции download_content
2025-05-17 18:19:31 - Instagram_INFO - INFO - инициализация Gologin класс
2025-05-17 18:19:31 - Instagram_INFO - INFO - запуск браузера
2025-05-17 18:19:34 - Instagram_INFO - INFO - CDP коннект..
2025-05-17 18:19:34 - Instagram_INFO - INFO - Выбрана 1 страница
2025-05-17 18:19:34 - Instagram_INFO - INFO - Переход по url
2025-05-17 18:19:41 - Instagram_INFO - INFO - Переход по адрессу 127.0.0.1:21753/https://www.instagram.com/
2025-05-17 18:19:42 - Instagram_INFO - INFO - Загрузка видео
2025-05-17 18:19:47 - Instagram_INFO - INFO - Процесс загрузки убит
2025-05-17 18:25:49 - Instagram_INFO - INFO - Создан класс InstagramContent
2025-05-17 18:26:25 - Instagram_INFO - INFO - Запуск функции download_content
2025-05-17 18:26:25 - Instagram_INFO - INFO - инициализация Gologin класс
2025-05-17 18:26:25 - Instagram_INFO - INFO - запуск браузера
2025-05-17 18:26:28 - Instagram_INFO - INFO - CDP коннект..
2025-05-17 18:26:28 - Instagram_INFO - INFO - Выбрана 1 страница
2025-05-17 18:26:28 - Instagram_INFO - INFO - Переход по url
2025-05-17 18:26:32 - Instagram_INFO - INFO - Переход по адрессу 127.0.0.1:31119/https://www.instagram.com/
2025-05-17 18:26:35 - Instagram_INFO - INFO - Загрузка видео
2025-05-17 18:26:40 - Instagram_INFO - INFO - Процесс загрузки убит
2025-05-17 18:29:43 - Instagram_INFO - INFO - Браузер закрыт
2025-05-17 18:29:45 - Instagram_INFO - INFO - Профиль GoLogin остановлен
2025-05-17 18:31:05 - Instagram_INFO - INFO - Создан класс InstagramContent
2025-05-17 19:34:23 - Instagram_INFO - INFO - Создан класс InstagramContent
2025-05-17 19:34:41 - Instagram_INFO - INFO - Запуск функции download_content
2025-05-17 19:34:42 - Instagram_INFO - INFO - инициализация Gologin класс
2025-05-17 19:34:42 - Instagram_INFO - INFO - запуск браузера
2025-05-17 19:34:46 - Instagram_INFO - INFO - CDP коннект..
2025-05-17 19:34:47 - Instagram_INFO - INFO - Выбрана 1 страница
2025-05-17 19:34:47 - Instagram_INFO - INFO - Переход по url
2025-05-17 19:34:51 - Instagram_INFO - INFO - Переход по адрессу 127.0.0.1:15227/https://www.instagram.com/
2025-05-17 19:34:53 - Instagram_INFO - INFO - Загрузка видео
2025-05-17 19:34:58 - Instagram_INFO - INFO - Процесс загрузки убит
2025-05-17 19:35:00 - Instagram_INFO - CRITICAL - Ошибка скрипта: Page.wait_for_selector: Timeout 2000ms exceeded.
Call log:
  - waiting for locator("div.x78zum5.x1q0g3np.xdko459 > button") to be visible

2025-05-17 19:39:44 - Instagram_INFO - INFO - Создан класс InstagramContent
2025-05-17 19:39:54 - Instagram_INFO - INFO - Запуск функции download_content
2025-05-17 19:39:54 - Instagram_INFO - INFO - инициализация Gologin класс
2025-05-17 19:39:54 - Instagram_INFO - INFO - запуск браузера
2025-05-17 19:39:58 - Instagram_INFO - INFO - CDP коннект..
2025-05-17 19:39:59 - Instagram_INFO - INFO - Выбрана 1 страница
2025-05-17 19:39:59 - Instagram_INFO - INFO - Переход по url
2025-05-17 19:40:30 - Instagram_INFO - INFO - Переход по адрессу 127.0.0.1:28303/https://www.instagram.com/
2025-05-17 19:44:17 - Instagram_INFO - CRITICAL - Ошибка скрипта: Page.wait_for_selector: Target page, context or browser has been closed
Call log:
  - waiting for locator("div.x9f619.x13lgxp2.x5pf9jr.x1n2onr6.x1plvlek button._acan._acap._acas") to be visible

2025-05-17 19:44:23 - Instagram_INFO - INFO - Создан класс InstagramContent
2025-05-17 19:44:29 - Instagram_INFO - INFO - Запуск функции download_content
2025-05-17 19:44:29 - Instagram_INFO - INFO - инициализация Gologin класс
2025-05-17 19:44:29 - Instagram_INFO - INFO - запуск браузера
2025-05-17 19:44:32 - Instagram_INFO - INFO - CDP коннект..
2025-05-17 19:44:32 - Instagram_INFO - INFO - Выбрана 1 страница
2025-05-17 19:44:32 - Instagram_INFO - INFO - Переход по url
2025-05-17 19:44:44 - Instagram_INFO - INFO - Переход по адрессу 127.0.0.1:29449/https://www.instagram.com/
2025-05-17 19:44:46 - Instagram_INFO - INFO - Загрузка видео
2025-05-17 19:44:51 - Instagram_INFO - INFO - Процесс загрузки убит
2025-05-17 19:44:53 - Instagram_INFO - CRITICAL - Ошибка скрипта: Page.wait_for_selector: Timeout 2000ms exceeded.
Call log:
  - waiting for locator("div.x78zum5.x1q0g3np.xdko459 > button") to be visible

2025-05-17 19:48:18 - Instagram_INFO - INFO - Создан класс InstagramContent
2025-05-17 19:48:33 - Instagram_INFO - INFO - Запуск функции download_content
2025-05-17 19:48:34 - Instagram_INFO - INFO - инициализация Gologin класс
2025-05-17 19:48:34 - Instagram_INFO - INFO - запуск браузера
2025-05-17 19:48:38 - Instagram_INFO - INFO - CDP коннект..
2025-05-17 19:48:39 - Instagram_INFO - INFO - Выбрана 1 страница
2025-05-17 19:48:39 - Instagram_INFO - INFO - Переход по url
2025-05-17 19:49:03 - Instagram_INFO - INFO - Переход по адрессу 127.0.0.1:4719/https://www.instagram.com/
2025-05-17 19:49:04 - Instagram_INFO - INFO - Загрузка видео
2025-05-17 19:49:09 - Instagram_INFO - INFO - Процесс загрузки убит
2025-05-17 19:53:22 - Instagram_INFO - INFO - Браузер закрыт
2025-05-17 19:53:24 - Instagram_INFO - INFO - Профиль GoLogin остановлен
2025-05-17 19:53:24 - Instagram_INFO - ERROR - Ошибка при остановке GoLogin: No active exception to reraise
2025-05-17 19:53:24 - Instagram_INFO - CRITICAL - Ошибка скрипта: No active exception to reraise
2025-05-17 19:56:23 - Instagram_INFO - INFO - Создан класс InstagramContent
2025-05-17 19:57:15 - Instagram_INFO - INFO - Запуск функции download_content
2025-05-17 19:57:15 - Instagram_INFO - INFO - инициализация Gologin класс
2025-05-17 19:57:15 - Instagram_INFO - INFO - запуск браузера
2025-05-17 19:57:18 - Instagram_INFO - INFO - CDP коннект..
2025-05-17 19:57:19 - Instagram_INFO - INFO - Выбрана 1 страница
2025-05-17 19:57:19 - Instagram_INFO - INFO - Переход по url
2025-05-17 19:57:41 - Instagram_INFO - INFO - Переход по адрессу 127.0.0.1:21793/https://www.instagram.com/
2025-05-17 20:01:57 - Instagram_INFO - CRITICAL - Ошибка скрипта: Page.wait_for_selector: Target page, context or browser has been closed
Call log:
  - waiting for locator("div.x9f619.x13lgxp2.x5pf9jr.x1n2onr6.x1plvlek button._acan._acap._acas") to be visible

2025-05-17 20:02:04 - Instagram_INFO - INFO - Запуск функции download_content
2025-05-17 20:02:05 - Instagram_INFO - INFO - инициализация Gologin класс
2025-05-17 20:02:05 - Instagram_INFO - INFO - запуск браузера
2025-05-17 20:02:08 - Instagram_INFO - INFO - CDP коннект..
2025-05-17 20:02:09 - Instagram_INFO - INFO - Выбрана 1 страница
2025-05-17 20:02:09 - Instagram_INFO - INFO - Переход по url
2025-05-17 20:02:21 - Instagram_INFO - INFO - Переход по адрессу 127.0.0.1:21017/https://www.instagram.com/
2025-05-17 20:04:17 - Instagram_INFO - CRITICAL - Ошибка скрипта: Page.wait_for_selector: Target page, context or browser has been closed
Call log:
  - waiting for locator("div.x9f619.x13lgxp2.x5pf9jr.x1n2onr6.x1plvlek button._acan._acap._acas") to be visible

2025-05-17 20:04:19 - Instagram_INFO - INFO - Запуск функции download_content
2025-05-17 20:04:19 - Instagram_INFO - INFO - инициализация Gologin класс
2025-05-17 20:04:19 - Instagram_INFO - INFO - запуск браузера
2025-05-17 20:04:22 - Instagram_INFO - INFO - CDP коннект..
2025-05-17 20:04:22 - Instagram_INFO - INFO - Выбрана 1 страница
2025-05-17 20:04:22 - Instagram_INFO - INFO - Переход по url
2025-05-17 20:04:32 - Instagram_INFO - INFO - Переход по адрессу 127.0.0.1:13087/https://www.instagram.com/
2025-05-17 20:04:36 - Instagram_INFO - INFO - Загрузка видео
2025-05-17 20:04:41 - Instagram_INFO - INFO - Процесс загрузки убит
2025-05-17 20:08:34 - Instagram_INFO - INFO - Браузер закрыт
2025-05-17 20:09:37 - Instagram_INFO - INFO - Создан класс InstagramContent
2025-05-17 20:09:51 - Instagram_INFO - INFO - Запуск функции download_content
2025-05-17 20:09:51 - Instagram_INFO - INFO - инициализация Gologin класс
2025-05-17 20:09:51 - Instagram_INFO - INFO - запуск браузера
2025-05-17 20:09:56 - Instagram_INFO - INFO - CDP коннект..
2025-05-17 20:09:56 - Instagram_INFO - INFO - Выбрана 1 страница
2025-05-17 20:09:56 - Instagram_INFO - INFO - Переход по url
2025-05-17 20:10:01 - Instagram_INFO - INFO - Переход по адрессу 127.0.0.1:9585/https://www.instagram.com/
2025-05-17 20:10:05 - Instagram_INFO - INFO - Загрузка видео
2025-05-17 20:10:10 - Instagram_INFO - INFO - Процесс загрузки убит
2025-05-17 20:14:03 - Instagram_INFO - INFO - Браузер закрыт
2025-05-17 20:17:01 - Instagram_INFO - INFO - Создан класс InstagramContent
2025-05-19 11:16:23 - Instagram_INFO - INFO - Создан класс InstagramContent
2025-05-19 11:18:39 - Instagram_INFO - INFO - Создан класс InstagramContent
2025-05-19 11:20:48 - Instagram_INFO - INFO - Создан класс InstagramContent
2025-05-19 11:22:25 - Instagram_INFO - INFO - Создан класс InstagramContent
2025-05-19 11:23:08 - Instagram_INFO - INFO - Создан класс InstagramContent
2025-05-19 11:23:52 - Instagram_INFO - INFO - Создан класс InstagramContent
2025-05-19 11:32:48 - Instagram_INFO - INFO - Создан класс InstagramContent
2025-05-19 11:33:08 - Instagram_INFO - INFO - Создан класс InstagramContent
2025-05-19 11:33:31 - Instagram_INFO - INFO - Создан класс InstagramContent
2025-05-19 11:35:01 - Instagram_INFO - INFO - Создан класс InstagramContent
2025-05-19 11:35:07 - Instagram_INFO - INFO - Создан класс InstagramContent
2025-05-19 11:35:29 - Instagram_INFO - INFO - Создан класс InstagramContent
2025-05-19 11:38:22 - Instagram_INFO - INFO - Создан класс InstagramContent
2025-05-19 11:42:08 - Instagram_INFO - INFO - Создан класс InstagramContent
2025-05-19 11:42:29 - Instagram_INFO - INFO - Создан класс InstagramContent
2025-05-19 11:43:08 - Instagram_INFO - INFO - Создан класс InstagramContent
2025-05-19 11:43:31 - Instagram_INFO - INFO - Создан класс InstagramContent
2025-05-19 11:44:11 - Instagram_INFO - INFO - Создан класс InstagramContent
2025-05-19 14:09:47 - Instagram_INFO - INFO - Создан класс InstagramContent
2025-05-19 14:14:23 - Instagram_INFO - INFO - Запуск функции download_content
2025-05-19 14:14:23 - Instagram_INFO - INFO - Запуск функции download_content
2025-05-19 14:14:23 - Instagram_INFO - INFO - Запуск функции download_content
2025-05-19 14:14:24 - Instagram_INFO - INFO - инициализация Gologin класс
2025-05-19 14:14:24 - Instagram_INFO - INFO - запуск браузера
2025-05-19 14:14:32 - Instagram_INFO - INFO - CDP коннект..
2025-05-19 14:14:32 - Instagram_INFO - INFO - инициализация Gologin класс
2025-05-19 14:14:32 - Instagram_INFO - INFO - запуск браузера
2025-05-19 14:14:39 - Instagram_INFO - INFO - CDP коннект..
2025-05-19 14:14:39 - Instagram_INFO - INFO - инициализация Gologin класс
2025-05-19 14:14:39 - Instagram_INFO - INFO - запуск браузера
2025-05-19 14:14:53 - Instagram_INFO - INFO - CDP коннект..
2025-05-19 14:14:53 - Instagram_INFO - INFO - Выбрана 1 страница
2025-05-19 14:14:53 - Instagram_INFO - INFO - Переход по url
2025-05-19 14:14:53 - Instagram_INFO - INFO - Выбрана 1 страница
2025-05-19 14:14:53 - Instagram_INFO - INFO - Переход по url
2025-05-19 14:15:01 - Instagram_INFO - INFO - Выбрана 1 страница
2025-05-19 14:15:01 - Instagram_INFO - INFO - Переход по url
2025-05-19 14:16:36 - Instagram_INFO - INFO - Переход по адрессу 127.0.0.1:12284/https://www.instagram.com/
2025-05-19 14:16:42 - Instagram_INFO - CRITICAL - Ошибка скрипта: Page.click: Timeout 6000ms exceeded.
Call log:
  - waiting for locator("div.x9f619.xjbqb8w.x78zum5.x168nmei.x13lgxp2.x5pf9jr.xo71vjh.xixxii4.x13vifvy.x1plvlek.xryxfnj.x1c4vz4f.x2lah0s.xdt5ytf.xqjyukv.x1qjc9v5.x1oa3qoh.x1nhvcw1.x1dr59a3.xeq5yr9.x1n327nk > div > div > div > div > div.x1iyjqo2.xh8yej3 > div:nth-child(7) > div")
    - locator resolved to <div class="x1n2onr6 x6s0dn4 x78zum5">…</div>
  - attempting click action
    2 × waiting for element to be visible, enabled and stable
      - element is not visible
    - retrying click action
    - waiting 20ms
    2 × waiting for element to be visible, enabled and stable
      - element is not visible
    - retrying click action
      - waiting 100ms
    11 × waiting for element to be visible, enabled and stable
       - element is not visible
     - retrying click action
       - waiting 500ms

2025-05-19 14:16:46 - Instagram_INFO - INFO - Переход по адрессу 127.0.0.1:3687/https://www.instagram.com/
2025-05-19 14:16:52 - Instagram_INFO - CRITICAL - Ошибка скрипта: Page.click: Timeout 6000ms exceeded.
Call log:
  - waiting for locator("div.x9f619.xjbqb8w.x78zum5.x168nmei.x13lgxp2.x5pf9jr.xo71vjh.xixxii4.x13vifvy.x1plvlek.xryxfnj.x1c4vz4f.x2lah0s.xdt5ytf.xqjyukv.x1qjc9v5.x1oa3qoh.x1nhvcw1.x1dr59a3.xeq5yr9.x1n327nk > div > div > div > div > div.x1iyjqo2.xh8yej3 > div:nth-child(7) > div")
    - locator resolved to <div class="x1n2onr6 x6s0dn4 x78zum5">…</div>
  - attempting click action
    2 × waiting for element to be visible, enabled and stable
      - element is not visible
    - retrying click action
    - waiting 20ms
    2 × waiting for element to be visible, enabled and stable
      - element is not visible
    - retrying click action
      - waiting 100ms
    11 × waiting for element to be visible, enabled and stable
       - element is not visible
     - retrying click action
       - waiting 500ms

2025-05-19 14:17:16 - Instagram_INFO - INFO - Создан класс InstagramContent
2025-05-19 14:17:35 - Instagram_INFO - INFO - Запуск функции download_content
2025-05-19 14:17:35 - Instagram_INFO - INFO - Запуск функции download_content
2025-05-19 14:17:36 - Instagram_INFO - INFO - инициализация Gologin класс
2025-05-19 14:17:36 - Instagram_INFO - INFO - запуск браузера
2025-05-19 14:17:42 - Instagram_INFO - INFO - CDP коннект..
2025-05-19 14:17:42 - Instagram_INFO - INFO - инициализация Gologin класс
2025-05-19 14:17:42 - Instagram_INFO - INFO - запуск браузера
2025-05-19 14:17:55 - Instagram_INFO - INFO - CDP коннект..
2025-05-19 14:17:55 - Instagram_INFO - INFO - Выбрана 1 страница
2025-05-19 14:17:55 - Instagram_INFO - INFO - Переход по url
2025-05-19 14:17:57 - Instagram_INFO - INFO - Выбрана 1 страница
2025-05-19 14:17:57 - Instagram_INFO - INFO - Переход по url
2025-05-19 14:19:47 - Instagram_INFO - INFO - Переход по адрессу 127.0.0.1:3851/https://www.instagram.com/
2025-05-19 14:19:53 - Instagram_INFO - CRITICAL - Ошибка скрипта: Page.click: Timeout 6000ms exceeded.
Call log:
  - waiting for locator("div.x9f619.xjbqb8w.x78zum5.x168nmei.x13lgxp2.x5pf9jr.xo71vjh.xixxii4.x13vifvy.x1plvlek.xryxfnj.x1c4vz4f.x2lah0s.xdt5ytf.xqjyukv.x1qjc9v5.x1oa3qoh.x1nhvcw1.x1dr59a3.xeq5yr9.x1n327nk > div > div > div > div > div.x1iyjqo2.xh8yej3 > div:nth-child(7) > div")
    - locator resolved to <div class="x1n2onr6 x6s0dn4 x78zum5">…</div>
  - attempting click action
    2 × waiting for element to be visible, enabled and stable
      - element is not visible
    - retrying click action
    - waiting 20ms
    2 × waiting for element to be visible, enabled and stable
      - element is not visible
    - retrying click action
      - waiting 100ms
    11 × waiting for element to be visible, enabled and stable
       - element is not visible
     - retrying click action
       - waiting 500ms

2025-05-19 14:20:05 - Instagram_INFO - INFO - Переход по адрессу 127.0.0.1:30313/https://www.instagram.com/
2025-05-19 14:20:11 - Instagram_INFO - CRITICAL - Ошибка скрипта: Page.click: Timeout 6000ms exceeded.
Call log:
  - waiting for locator("div.x9f619.xjbqb8w.x78zum5.x168nmei.x13lgxp2.x5pf9jr.xo71vjh.xixxii4.x13vifvy.x1plvlek.xryxfnj.x1c4vz4f.x2lah0s.xdt5ytf.xqjyukv.x1qjc9v5.x1oa3qoh.x1nhvcw1.x1dr59a3.xeq5yr9.x1n327nk > div > div > div > div > div.x1iyjqo2.xh8yej3 > div:nth-child(7) > div")

2025-05-19 14:21:55 - Instagram_INFO - INFO - Создан класс InstagramContent
2025-05-19 14:23:41 - Instagram_INFO - INFO - Запуск функции download_content
2025-05-19 14:23:41 - Instagram_INFO - INFO - Запуск функции download_content
2025-05-19 14:23:41 - Instagram_INFO - INFO - инициализация Gologin класс
2025-05-19 14:23:41 - Instagram_INFO - INFO - запуск браузера
2025-05-19 14:24:01 - Instagram_INFO - INFO - CDP коннект..
2025-05-19 14:24:01 - Instagram_INFO - INFO - инициализация Gologin класс
2025-05-19 14:24:01 - Instagram_INFO - INFO - запуск браузера
2025-05-19 14:24:19 - Instagram_INFO - INFO - CDP коннект..
2025-05-19 14:24:19 - Instagram_INFO - INFO - Выбрана 1 страница
2025-05-19 14:24:19 - Instagram_INFO - INFO - Переход по url
2025-05-19 14:24:23 - Instagram_INFO - INFO - Выбрана 1 страница
2025-05-19 14:24:23 - Instagram_INFO - INFO - Переход по url
2025-05-19 14:26:17 - Instagram_INFO - INFO - Переход по адрессу 127.0.0.1:3125/https://www.instagram.com/
2025-05-19 14:27:30 - Instagram_INFO - INFO - Переход по адрессу 127.0.0.1:27143/https://www.instagram.com/
2025-05-19 14:27:42 - Instagram_INFO - INFO - Загрузка видео
2025-05-19 14:27:47 - Instagram_INFO - INFO - Процесс загрузки убит
2025-05-19 14:32:04 - Instagram_INFO - CRITICAL - Ошибка скрипта: Page.wait_for_selector: Target page, context or browser has been closed
Call log:
  - waiting for locator("div.x9f619.x13lgxp2.x5pf9jr.x1n2onr6.x1plvlek button._acan._acap._acas") to be visible
    - waiting for" https://www.instagram.com/" navigation to finish...
    - navigated to "https://www.instagram.com/"

2025-05-19 14:32:05 - Instagram_INFO - CRITICAL - Ошибка скрипта: Page.wait_for_selector: Target page, context or browser has been closed
Call log:
  - waiting for locator("img[alt='Animated checkmark']") to be visible

2025-05-19 14:32:12 - Instagram_INFO - INFO - Запуск функции download_content
2025-05-19 14:32:12 - Instagram_INFO - INFO - Запуск функции download_content
2025-05-19 14:32:12 - Instagram_INFO - INFO - инициализация Gologin класс
2025-05-19 14:32:12 - Instagram_INFO - INFO - запуск браузера
2025-05-19 14:32:23 - Instagram_INFO - INFO - CDP коннект..
2025-05-19 14:32:23 - Instagram_INFO - INFO - инициализация Gologin класс
2025-05-19 14:32:23 - Instagram_INFO - INFO - запуск браузера
2025-05-19 14:32:42 - Instagram_INFO - INFO - CDP коннект..
2025-05-19 14:32:42 - Instagram_INFO - INFO - Выбрана 1 страница
2025-05-19 14:32:42 - Instagram_INFO - INFO - Переход по url
2025-05-19 14:32:50 - Instagram_INFO - INFO - Выбрана 1 страница
2025-05-19 14:32:50 - Instagram_INFO - INFO - Переход по url
2025-05-19 14:36:04 - Instagram_INFO - INFO - Переход по адрессу 127.0.0.1:16473/https://www.instagram.com/
2025-05-19 14:36:46 - Instagram_INFO - INFO - Переход по адрессу 127.0.0.1:23643/https://www.instagram.com/
2025-05-19 14:41:27 - Instagram_INFO - CRITICAL - Ошибка скрипта: Page.click: Target page, context or browser has been closed
Call log:
  - waiting for locator("div.x9f619.xjbqb8w.x78zum5.x168nmei.x13lgxp2.x5pf9jr.xo71vjh.xixxii4.x13vifvy.x1plvlek.xryxfnj.x1c4vz4f.x2lah0s.xdt5ytf.xqjyukv.x1qjc9v5.x1oa3qoh.x1nhvcw1.x1dr59a3.xeq5yr9.x1n327nk > div > div > div > div > div.x1iyjqo2.xh8yej3 > div:nth-child(7) > div")
    - locator resolved to <div class="x1n2onr6 x6s0dn4 x78zum5">…</div>
  - attempting click action
    2 × waiting for element to be visible, enabled and stable
      - element is not visible
    - retrying click action
    - waiting 20ms
    2 × waiting for element to be visible, enabled and stable
      - element is not visible
    - retrying click action
      - waiting 100ms
    491 × waiting for element to be visible, enabled and stable
        - element is not visible
      - retrying click action
        - waiting 500ms
    - waiting for" https://www.instagram.com/" navigation to finish...
    - navigated to "https://www.instagram.com/"
    - waiting for element to be visible, enabled and stable
  - element was detached from the DOM, retrying

2025-05-19 14:41:28 - Instagram_INFO - CRITICAL - Ошибка скрипта: Page.wait_for_selector: Target page, context or browser has been closed
Call log:
  - waiting for locator("div.x9f619.x13lgxp2.x5pf9jr.x1n2onr6.x1plvlek button._acan._acap._acas") to be visible

2025-05-19 14:41:39 - Instagram_INFO - INFO - Создан класс InstagramContent
2025-05-19 14:42:14 - Instagram_INFO - INFO - Запуск функции download_content
2025-05-19 14:42:14 - Instagram_INFO - INFO - Запуск функции download_content
2025-05-19 14:42:15 - Instagram_INFO - INFO - инициализация Gologin класс
2025-05-19 14:42:15 - Instagram_INFO - INFO - запуск браузера
2025-05-19 14:42:22 - Instagram_INFO - INFO - CDP коннект..
2025-05-19 14:42:22 - Instagram_INFO - INFO - инициализация Gologin класс
2025-05-19 14:42:22 - Instagram_INFO - INFO - запуск браузера
2025-05-19 14:42:35 - Instagram_INFO - INFO - CDP коннект..
2025-05-19 14:42:35 - Instagram_INFO - INFO - Выбрана 1 страница
2025-05-19 14:42:35 - Instagram_INFO - INFO - Переход по url
2025-05-19 14:42:37 - Instagram_INFO - INFO - Выбрана 1 страница
2025-05-19 14:42:37 - Instagram_INFO - INFO - Переход по url
2025-05-19 14:43:35 - Instagram_INFO - INFO - Переход по адрессу 127.0.0.1:22385/https://www.instagram.com/
2025-05-19 14:44:08 - Instagram_INFO - INFO - Переход по адрессу 127.0.0.1:27121/https://www.instagram.com/
2025-05-19 14:44:52 - Instagram_INFO - INFO - Загрузка видео
2025-05-19 14:44:57 - Instagram_INFO - INFO - Процесс загрузки убит
2025-05-19 14:45:08 - Instagram_INFO - INFO - Загрузка видео
2025-05-19 14:45:13 - Instagram_INFO - INFO - Процесс загрузки убит
2025-05-19 14:54:22 - Instagram_INFO - INFO - Браузер закрыт
2025-05-19 14:55:10 - Instagram_INFO - ERROR - Ошибка при закрытии браузера: [Errno 2] Нет такого файла или каталога: '/tmp/gologin_682a3cfde33e2d83f883a022'
2025-05-20 11:06:06 - Instagram_INFO - INFO - Создан класс InstagramContent
2025-05-20 11:06:17 - Instagram_INFO - INFO - Создан класс InstagramContent
2025-05-20 11:06:27 - Instagram_INFO - INFO - Запуск функции download_content
2025-05-20 11:06:28 - Instagram_INFO - INFO - инициализация Gologin класс
2025-05-20 11:06:37 - Instagram_INFO - INFO - Создан класс InstagramContent
2025-05-20 11:06:54 - Instagram_INFO - INFO - Запуск функции download_content
2025-05-20 11:06:54 - Instagram_INFO - INFO - инициализация Gologin класс
2025-05-20 11:06:54 - Instagram_INFO - INFO - запуск браузера
2025-05-20 11:06:58 - Instagram_INFO - INFO - CDP коннект..
2025-05-20 11:07:00 - Instagram_INFO - INFO - Выбрана 1 страница
2025-05-20 11:07:00 - Instagram_INFO - INFO - Переход по url
2025-05-20 11:07:17 - Instagram_INFO - INFO - Переход по адрессу 127.0.0.1:21086/https://www.instagram.com/
2025-05-20 11:07:22 - Instagram_INFO - INFO - Загрузка видео
2025-05-20 11:07:36 - Instagram_INFO - INFO - Процесс загрузки убит
2025-05-20 11:12:22 - Instagram_INFO - INFO - Браузер закрыт
2025-05-20 11:13:35 - Instagram_INFO - INFO - Создан класс InstagramContent
2025-05-20 11:13:48 - Instagram_INFO - INFO - Запуск функции download_content
2025-05-20 11:13:49 - Instagram_INFO - INFO - инициализация Gologin класс
2025-05-20 11:13:49 - Instagram_INFO - INFO - запуск браузера
2025-05-20 11:13:55 - Instagram_INFO - INFO - CDP коннект..
2025-05-20 11:13:56 - Instagram_INFO - INFO - Выбрана 1 страница
2025-05-20 11:13:56 - Instagram_INFO - INFO - Переход по url
2025-05-20 11:14:04 - Instagram_INFO - INFO - Переход по адрессу 127.0.0.1:1673/https://www.instagram.com/
2025-05-20 11:14:07 - Instagram_INFO - INFO - Загрузка видео
2025-05-20 11:14:12 - Instagram_INFO - INFO - Процесс загрузки убит
2025-05-20 11:17:42 - Instagram_INFO - INFO - Браузер закрыт
2025-05-20 14:43:30 - Instagram_INFO - INFO - Создан класс InstagramContent
